<?xml version="1.0" encoding="UTF-8"?>
<testsuite xmlns:xsi="http://www.w3.org/2001/XMLSchema-instance" xsi:noNamespaceSchemaLocation="https://maven.apache.org/surefire/maven-surefire-plugin/xsd/surefire-test-report-3.0.xsd" version="3.0" name="com.demo.events.EventsApplicationTests" time="1.347" tests="1" errors="0" skipped="0" failures="0">
  <properties>
[...]
</properties>
  <testcase name="contextLoads" classname="com.demo.events.EventsApplicationTests" time="0.452">
    <system-out><![CDATA[09:16:56.114 [main] INFO org.springframework.test.context.support.AnnotationConfigContextLoaderUtils -- Could not detect default configuration classes for test class [com.demo.events.EventsApplicationTests]: EventsApplicationTests does not declare any static, non-private, non-final, nested classes annotated with @Configuration.
09:16:56.155 [main] INFO org.springframework.boot.test.context.SpringBootTestContextBootstrapper -- Found @SpringBootConfiguration com.demo.events.EventsApplication for test class com.demo.events.EventsApplicationTests

  .   ____          _            __ _ _
 /\\ / ___'_ __ _ _(_)_ __  __ _ \ \ \ \
( ( )\___ | '_ | '_| | '_ \/ _` | \ \ \ \
 \\/  ___)| |_)| | | | | || (_| |  ) ) ) )
  '  |____| .__|_| |_|_| |_\__, | / / / /
 =========|_|==============|___/=/_/_/_/
 :: Spring Boot ::                (v3.2.5)

2024-05-27T09:16:56.302+02:00  INFO 16441 --- [events] [           main] com.demo.events.EventsApplicationTests   : Starting EventsApplicationTests using Java 21.0.2 with PID 16441 (started by jf46216 in /Users/jf46216/Documents/Others/events)
2024-05-27T09:16:56.303+02:00  INFO 16441 --- [events] [           main] com.demo.events.EventsApplicationTests   : No active profile set, falling back to 1 default profile: "default"
2024-05-27T09:16:56.638+02:00  INFO 16441 --- [events] [           main] com.zaxxer.hikari.HikariDataSource       : events - Starting...
2024-05-27T09:16:56.712+02:00  INFO 16441 --- [events] [           main] com.zaxxer.hikari.pool.HikariPool        : events - Added connection conn0: url=jdbc:h2:mem:events user=SA
2024-05-27T09:16:56.713+02:00  INFO 16441 --- [events] [           main] com.zaxxer.hikari.HikariDataSource       : events - Start completed.
2024-05-27T09:16:56.904+02:00  INFO 16441 --- [events] [           main] o.s.b.a.h2.H2ConsoleAutoConfiguration    : H2 console available at '/h2-console'. Database available at 'jdbc:h2:mem:events'
2024-05-27T09:16:56.920+02:00  INFO 16441 --- [events] [           main] com.demo.events.EventsApplicationTests   : Started EventsApplicationTests in 0.713 seconds (process running for 1.119)
2024-05-27T09:16:56.925+02:00  INFO 16441 --- [events] [           main] com.demo.events.EventsApplication        : Event Event[id=1, title=At Work, startingAt=2024-05-27T09:16:56.921696, finishesAt=2024-05-27T10:16:56.921707, description=Exchanging time for money, type=PRIVATE]
]]></system-out>
    <system-err><![CDATA[WARNING: A Java agent has been loaded dynamically (/Users/jf46216/.m2/repository/net/bytebuddy/byte-buddy-agent/1.14.13/byte-buddy-agent-1.14.13.jar)
WARNING: If a serviceability tool is in use, please run with -XX:+EnableDynamicAgentLoading to hide this warning
WARNING: If a serviceability tool is not in use, please run with -Djdk.instrument.traceUsage for more information
WARNING: Dynamic loading of agents will be disallowed by default in a future release
]]></system-err>
  </testcase>
</testsuite>